<beans xmlns="http://www.springframework.org/schema/beans"
	xmlns:xsi="http://www.w3.org/2001/XMLSchema-instance" 
	xmlns:context="http://www.springframework.org/schema/context"
	xmlns:tx="http://www.springframework.org/schema/tx"	
        xmlns:mongo="http://www.springframework.org/schema/data/mongo"
	xsi:schemaLocation="
		http://www.springframework.org/schema/beans	
		http://www.springframework.org/schema/beans/spring-beans.xsd
	 
		http://www.springframework.org/schema/tx 
		http://www.springframework.org/schema/tx/spring-tx.xsd
		 
		http://www.springframework.org/schema/context
                http://www.springframework.org/schema/context/spring-context-4.0.xsd

                http://www.springframework.org/schema/data/mongo 
                http://www.springframework.org/schema/data/mongo/spring-mongo-1.5.xsd">

    <!-- Enable Annotation Driven Configuration -->
    <context:annotation-config />

    <!-- Component Scan Packages for Annotation Driven Configuration -->
    <context:component-scan base-package="com.todo.api.*" />

    <!-- Configurer that replaces ${...} placeholders with values from a properties file -->
    <context:property-placeholder location="classpath:config.properties"/>

    <!-- Mongo DB -->
    <mongo:mongo host="${db.host}" port="${db.port}" id="mongo" />

    <!-- Mongo DB Factory -->
    <mongo:db-factory dbname="${db.name}" mongo-ref="mongo" id="mongoDbFactory" />    

    <!-- Mongo Template -->
    <bean id="mongoTemplate" class="org.springframework.data.mongodb.core.MongoTemplate">
            <constructor-arg name="mongoDbFactory" ref="mongoDbFactory" />
    </bean>    

    <bean id="todoDao" class="com.todo.api.dao.TodoMongoDbDaoImpl">	
	<constructor-arg name="mongoOps" ref="mongoTemplate"/>
    </bean>

    <bean id="todoResource" class="com.todo.api.resource.TodoResource" >
    	<property name="todoService" ref="todoService"/>
    </bean>
    
    <bean id="todoService" class="com.todo.api.service.TodoService" >
    	<property name="todoDao" ref="todoDao"/>
    </bean>       
    
    <bean id="searchService" class="com.todo.api.service.SearchService" >
        <property name="url" value="${es.url}"/> 
        <property name="timeout" value="${es.timeout}"/> 
    </bean>       
    
    <bean id="smsService" class="com.todo.api.service.SmsService" >
        <property name="accountSid" value="${twilio.accountSid}"/> 
        <property name="authToken" value="${twilio.authToken}"/> 
        <property name="defaultTo" value="${twilio.defaultTo}"/> 
        <property name="defaultFrom" value="${twilio.defaultFrom}"/> 
    </bean>       
    
</beans>